[I 14:37:18.579 NotebookApp] JupyterLab beta preview extension loaded from /home/user/anaconda3/lib/python3.6/site-packages/jupyterlab
[I 14:37:18.579 NotebookApp] JupyterLab application directory is /home/user/anaconda3/share/jupyter/lab
[I 14:37:18.581 NotebookApp] Serving notebooks from local directory: /home/user/work/cs231n/assignment1
[I 14:37:18.581 NotebookApp] 0 active kernels
[I 14:37:18.581 NotebookApp] The Jupyter Notebook is running at:
[I 14:37:18.581 NotebookApp] http://0.0.0.0:8888/
[I 14:37:18.581 NotebookApp] Use Control-C to stop this server and shut down all kernels (twice to skip confirmation).
[I 14:38:24.354 NotebookApp] Kernel started: ad3a7ba8-8b70-4bcf-8d05-0797eda0f1e2
[I 14:38:24.729 NotebookApp] Adapting to protocol v5.1 for kernel ad3a7ba8-8b70-4bcf-8d05-0797eda0f1e2
[I 14:40:25.350 NotebookApp] Saving file at /softmax.ipynb
[I 15:48:08.481 NotebookApp] Saving file at /cs231n/classifiers/softmax.py
[I 15:48:25.331 NotebookApp] Saving file at /softmax.ipynb
[I 15:48:27.624 NotebookApp] Saving file at /cs231n/classifiers/softmax.py
[I 15:50:26.573 NotebookApp] Saving file at /softmax.ipynb
[I 15:50:59.093 NotebookApp] Saving file at /cs231n/classifiers/softmax.py
[I 15:53:23.557 NotebookApp] Saving file at /cs231n/classifiers/softmax.py
[I 15:53:29.819 NotebookApp] Saving file at /cs231n/classifiers/softmax.py
[I 15:55:48.597 NotebookApp] Saving file at /cs231n/classifiers/softmax.py
[I 15:56:05.413 NotebookApp] Saving file at /cs231n/classifiers/softmax.py
[I 15:56:06.706 NotebookApp] Saving file at /cs231n/classifiers/softmax.py
[I 15:56:25.323 NotebookApp] Saving file at /softmax.ipynb
[I 15:56:58.964 NotebookApp] Saving file at /cs231n/classifiers/softmax.py
[I 15:57:14.082 NotebookApp] Saving file at /cs231n/classifiers/softmax.py
[I 15:58:25.323 NotebookApp] Saving file at /softmax.ipynb
[I 15:59:38.563 NotebookApp] Saving file at /cs231n/classifiers/softmax.py
[I 16:00:29.160 NotebookApp] Saving file at /softmax.ipynb
[W 18:00:54.729 NotebookApp] WebSocket ping timeout after 119996 ms.
[I 18:00:59.734 NotebookApp] Starting buffering for ad3a7ba8-8b70-4bcf-8d05-0797eda0f1e2:5f86fd9f43fd43fd85fd957dac763c16
[I 18:25:31.413 NotebookApp] Adapting to protocol v5.1 for kernel ad3a7ba8-8b70-4bcf-8d05-0797eda0f1e2
[I 18:25:31.414 NotebookApp] Restoring connection for ad3a7ba8-8b70-4bcf-8d05-0797eda0f1e2:5f86fd9f43fd43fd85fd957dac763c16
[I 18:29:22.397 NotebookApp] Saving file at /cs231n/classifiers/softmax.py
[I 18:30:07.164 NotebookApp] Saving file at /cs231n/classifiers/softmax.py
[I 18:30:22.040 NotebookApp] Saving file at /softmax.ipynb
[W 18:45:01.414 NotebookApp] WebSocket ping timeout after 119891 ms.
[I 18:45:06.414 NotebookApp] Starting buffering for ad3a7ba8-8b70-4bcf-8d05-0797eda0f1e2:5f86fd9f43fd43fd85fd957dac763c16
[I 19:01:05.643 NotebookApp] Saving file at /cs231n/classifiers/softmax.py
[I 19:15:19.073 NotebookApp] Saving file at /cs231n/classifiers/softmax.py
[I 19:15:48.585 NotebookApp] Saving file at /softmax.ipynb
[I 19:17:13.920 NotebookApp] Kernel restarted: ad3a7ba8-8b70-4bcf-8d05-0797eda0f1e2
[I 19:17:14.382 NotebookApp] Adapting to protocol v5.1 for kernel ad3a7ba8-8b70-4bcf-8d05-0797eda0f1e2
[I 19:17:14.383 NotebookApp] Restoring connection for ad3a7ba8-8b70-4bcf-8d05-0797eda0f1e2:5f86fd9f43fd43fd85fd957dac763c16
[I 19:17:14.384 NotebookApp] Replaying 5 buffered messages
[I 19:17:48.579 NotebookApp] Saving file at /softmax.ipynb
[I 19:31:34.772 NotebookApp] Saving file at /cs231n/classifiers/softmax.py
[I 19:31:48.593 NotebookApp] Saving file at /softmax.ipynb
[I 19:32:31.267 NotebookApp] Saving file at /cs231n/classifiers/softmax.py
[I 19:33:48.598 NotebookApp] Saving file at /softmax.ipynb
[I 19:35:00.227 NotebookApp] Saving file at /cs231n/classifiers/softmax.py
[I 19:35:48.592 NotebookApp] Saving file at /softmax.ipynb
[I 19:36:11.135 NotebookApp] Saving file at /cs231n/classifiers/softmax.py
[I 19:36:26.897 NotebookApp] Saving file at /cs231n/classifiers/softmax.py
[I 19:37:48.591 NotebookApp] Saving file at /softmax.ipynb
[I 19:38:09.229 NotebookApp] Saving file at /cs231n/classifiers/softmax.py
[I 19:39:48.593 NotebookApp] Saving file at /softmax.ipynb
[I 20:08:07.796 NotebookApp] Saving file at /cs231n/classifiers/softmax.py
[I 20:08:41.627 NotebookApp] Saving file at /cs231n/classifiers/softmax.py
[I 20:09:48.581 NotebookApp] Saving file at /softmax.ipynb
[W 20:19:14.384 NotebookApp] WebSocket ping timeout after 119980 ms.
[I 20:19:19.386 NotebookApp] Starting buffering for ad3a7ba8-8b70-4bcf-8d05-0797eda0f1e2:5f86fd9f43fd43fd85fd957dac763c16
[I 18:23:40.132 NotebookApp] 302 GET / (192.168.1.161) 1.07ms
[I 18:24:28.699 NotebookApp] Adapting to protocol v5.1 for kernel ad3a7ba8-8b70-4bcf-8d05-0797eda0f1e2
[I 18:24:33.588 NotebookApp] Starting buffering for ad3a7ba8-8b70-4bcf-8d05-0797eda0f1e2:7c726587c87c4d3881b0d0b1aa168906
[I 18:24:34.180 NotebookApp] Adapting to protocol v5.1 for kernel ad3a7ba8-8b70-4bcf-8d05-0797eda0f1e2
[I 18:26:34.147 NotebookApp] Saving file at /softmax.ipynb
[I 18:32:34.502 NotebookApp] Saving file at /softmax.ipynb
[I 18:32:56.384 NotebookApp] Kernel started: d4990dd8-33df-4b80-87a7-479cf41f063b
[I 18:32:56.760 NotebookApp] Adapting to protocol v5.1 for kernel d4990dd8-33df-4b80-87a7-479cf41f063b
[I 18:34:34.150 NotebookApp] Saving file at /softmax.ipynb
[I 18:36:34.138 NotebookApp] Saving file at /softmax.ipynb
[I 18:38:34.494 NotebookApp] Saving file at /softmax.ipynb
[I 18:41:17.974 NotebookApp] Saving file at /softmax.ipynb
[I 18:42:34.142 NotebookApp] Saving file at /softmax.ipynb
[I 18:45:47.560 NotebookApp] Saving file at /svm.ipynb
[I 18:45:55.854 NotebookApp] Starting buffering for d4990dd8-33df-4b80-87a7-479cf41f063b:059070e53b8f4c4b8fa689ece470f31f
[I 18:45:56.061 NotebookApp] Kernel restarted: d4990dd8-33df-4b80-87a7-479cf41f063b
[I 18:45:56.661 NotebookApp] Adapting to protocol v5.1 for kernel d4990dd8-33df-4b80-87a7-479cf41f063b
[I 18:45:56.661 NotebookApp] Restoring connection for d4990dd8-33df-4b80-87a7-479cf41f063b:059070e53b8f4c4b8fa689ece470f31f
[I 18:45:56.661 NotebookApp] Replaying 5 buffered messages
[I 18:46:34.980 NotebookApp] Saving file at /softmax.ipynb
[I 18:46:56.526 NotebookApp] Saving file at /svm.ipynb
[I 18:47:46.136 NotebookApp] Starting buffering for d4990dd8-33df-4b80-87a7-479cf41f063b:059070e53b8f4c4b8fa689ece470f31f
[I 18:47:47.345 NotebookApp] Starting buffering for ad3a7ba8-8b70-4bcf-8d05-0797eda0f1e2:b4f23773c2484c248608fdcd26dc64e3
[W 18:47:52.149 NotebookApp] Notebook two_layer_net.ipynb is not trusted
[I 18:47:52.688 NotebookApp] Kernel started: 6fbad529-35d3-4000-a4bb-b982bb8a60d0
[I 18:47:53.052 NotebookApp] Adapting to protocol v5.1 for kernel 6fbad529-35d3-4000-a4bb-b982bb8a60d0
[I 18:49:52.726 NotebookApp] Saving file at /two_layer_net.ipynb
[I 18:59:52.708 NotebookApp] Saving file at /two_layer_net.ipynb
[I 19:01:52.700 NotebookApp] Saving file at /two_layer_net.ipynb
[I 19:05:52.699 NotebookApp] Saving file at /two_layer_net.ipynb
[I 19:21:52.749 NotebookApp] Saving file at /two_layer_net.ipynb
[I 19:44:25.268 NotebookApp] Saving file at /cs231n/classifiers/neural_net.py
[I 19:45:52.733 NotebookApp] Saving file at /two_layer_net.ipynb
[I 19:58:30.334 NotebookApp] Saving file at /cs231n/classifiers/neural_net.py
[I 19:59:52.737 NotebookApp] Saving file at /two_layer_net.ipynb
[I 20:07:33.867 NotebookApp] Saving file at /cs231n/classifiers/neural_net.py
[I 20:07:52.735 NotebookApp] Saving file at /two_layer_net.ipynb
[I 20:08:43.952 NotebookApp] Saving file at /cs231n/classifiers/neural_net.py
[I 20:09:52.741 NotebookApp] Saving file at /two_layer_net.ipynb
[I 20:10:03.815 NotebookApp] Saving file at /cs231n/classifiers/neural_net.py
[I 20:10:19.730 NotebookApp] Saving file at /cs231n/classifiers/neural_net.py
[I 20:10:47.796 NotebookApp] Saving file at /cs231n/classifiers/neural_net.py
[I 20:11:20.086 NotebookApp] Saving file at /cs231n/classifiers/neural_net.py
[I 20:11:53.822 NotebookApp] Saving file at /two_layer_net.ipynb
[C 20:12:59.689 NotebookApp] received signal 15, stopping
[I 20:12:59.689 NotebookApp] Shutting down 3 kernels
[I 20:12:59.890 NotebookApp] Kernel shutdown: ad3a7ba8-8b70-4bcf-8d05-0797eda0f1e2
[I 20:12:59.891 NotebookApp] Kernel shutdown: d4990dd8-33df-4b80-87a7-479cf41f063b
[I 20:12:59.891 NotebookApp] Kernel shutdown: 6fbad529-35d3-4000-a4bb-b982bb8a60d0
[I 09:43:08.177 NotebookApp] Writing notebook server cookie secret to /run/user/1000/jupyter/notebook_cookie_secret
[I 09:43:08.383 NotebookApp] Serving notebooks from local directory: /home/user/work/cs231n/assignment1
[I 09:43:08.383 NotebookApp] The Jupyter Notebook is running at:
[I 09:43:08.383 NotebookApp] http://(user-System-Product-Name or 127.0.0.1):8888/
[I 09:43:08.383 NotebookApp] Use Control-C to stop this server and shut down all kernels (twice to skip confirmation).
[W 09:43:16.584 NotebookApp] Clearing invalid/expired login cookie username-192-168-1-125-8888
[W 09:43:16.586 NotebookApp] Clearing invalid/expired login cookie username-192-168-1-125-8888
[I 09:43:16.586 NotebookApp] 302 GET /tree/cs231n (192.168.1.161) 3.28ms
[I 09:43:18.622 NotebookApp] 302 POST /login?next=%2Ftree%2Fcs231n (192.168.1.161) 2.21ms
[I 09:45:07.604 NotebookApp] 302 GET / (192.168.1.161) 0.90ms
[I 09:45:12.812 NotebookApp] Kernel started: fcad4798-3c0b-4ba7-af94-a042b38f6734
[I 09:45:13.056 NotebookApp] Adapting to protocol v5.1 for kernel fcad4798-3c0b-4ba7-af94-a042b38f6734
[I 09:47:12.814 NotebookApp] Saving file at /two_layer_net.ipynb
[I 09:48:19.153 NotebookApp] Saving file at /two_layer_net.ipynb
[I 10:04:49.627 NotebookApp] Saving file at /cs231n/classifiers/neural_net.py
[I 10:05:12.816 NotebookApp] Saving file at /two_layer_net.ipynb
[I 10:06:15.988 NotebookApp] Saving file at /cs231n/classifiers/neural_net.py
[I 10:07:12.819 NotebookApp] Saving file at /two_layer_net.ipynb
[I 10:12:33.568 NotebookApp] Saving file at /cs231n/classifiers/neural_net.py
[I 10:13:12.831 NotebookApp] Saving file at /two_layer_net.ipynb
[I 10:13:33.177 NotebookApp] Saving file at /cs231n/classifiers/neural_net.py
[I 10:23:12.807 NotebookApp] Saving file at /two_layer_net.ipynb
[I 10:23:52.253 NotebookApp] Saving file at /cs231n/classifiers/neural_net.py
[I 10:25:12.801 NotebookApp] Saving file at /two_layer_net.ipynb
[I 10:41:55.281 NotebookApp] Saving file at /cs231n/classifiers/neural_net.py
[I 10:45:12.782 NotebookApp] Saving file at /two_layer_net.ipynb
[I 10:49:12.896 NotebookApp] Saving file at /two_layer_net.ipynb
[I 13:07:48.798 NotebookApp] Saving file at /cs231n/classifiers/neural_net.py
[I 13:08:06.242 NotebookApp] Saving file at /cs231n/classifiers/neural_net.py
[I 13:09:12.742 NotebookApp] Saving file at /two_layer_net.ipynb
[I 13:10:52.856 NotebookApp] Saving file at /cs231n/classifiers/neural_net.py
[I 13:10:53.587 NotebookApp] Saving file at /cs231n/classifiers/neural_net.py
[I 13:11:12.736 NotebookApp] Saving file at /two_layer_net.ipynb
[W 13:15:13.058 NotebookApp] WebSocket ping timeout after 119996 ms.
[I 13:15:18.062 NotebookApp] Starting buffering for fcad4798-3c0b-4ba7-af94-a042b38f6734:8b2b04a8fc6a45769bfc887212e109cd
[I 13:37:37.627 NotebookApp] Adapting to protocol v5.1 for kernel fcad4798-3c0b-4ba7-af94-a042b38f6734
[I 13:37:37.628 NotebookApp] Restoring connection for fcad4798-3c0b-4ba7-af94-a042b38f6734:8b2b04a8fc6a45769bfc887212e109cd
[I 15:09:17.139 NotebookApp] Saving file at /cs231n/classifiers/neural_net.py
[I 15:31:56.316 NotebookApp] Saving file at /cs231n/classifiers/neural_net.py
[I 15:32:10.860 NotebookApp] Saving file at /cs231n/classifiers/neural_net.py
[I 15:32:36.852 NotebookApp] Saving file at /cs231n/classifiers/neural_net.py
[I 15:32:50.506 NotebookApp] Saving file at /cs231n/classifiers/neural_net.py
[I 15:32:51.055 NotebookApp] Saving file at /two_layer_net.ipynb
[I 15:33:24.704 NotebookApp] Saving file at /cs231n/classifiers/neural_net.py
[I 15:34:51.059 NotebookApp] Saving file at /two_layer_net.ipynb
[I 16:03:48.039 NotebookApp] Saving file at /cs231n/classifiers/neural_net.py
[I 16:04:51.054 NotebookApp] Saving file at /two_layer_net.ipynb
[I 16:07:46.064 NotebookApp] Saving file at /cs231n/classifiers/neural_net.py
[I 16:08:51.048 NotebookApp] Saving file at /two_layer_net.ipynb
[I 16:10:51.045 NotebookApp] Saving file at /two_layer_net.ipynb
[I 16:12:51.065 NotebookApp] Saving file at /two_layer_net.ipynb
[I 16:14:51.068 NotebookApp] Saving file at /two_layer_net.ipynb
[I 16:16:51.060 NotebookApp] Saving file at /two_layer_net.ipynb
[I 16:22:51.068 NotebookApp] Saving file at /two_layer_net.ipynb
[I 16:23:32.745 NotebookApp] Kernel interrupted: fcad4798-3c0b-4ba7-af94-a042b38f6734
[I 16:24:51.054 NotebookApp] Saving file at /two_layer_net.ipynb
[I 16:25:07.574 NotebookApp] Kernel interrupted: fcad4798-3c0b-4ba7-af94-a042b38f6734
[I 16:26:51.054 NotebookApp] Saving file at /two_layer_net.ipynb
[I 16:28:51.055 NotebookApp] Saving file at /two_layer_net.ipynb
[I 16:30:51.055 NotebookApp] Saving file at /two_layer_net.ipynb
[I 16:32:51.053 NotebookApp] Saving file at /two_layer_net.ipynb
[I 16:34:51.059 NotebookApp] Saving file at /two_layer_net.ipynb
[I 16:36:51.059 NotebookApp] Saving file at /two_layer_net.ipynb
[I 16:38:51.061 NotebookApp] Saving file at /two_layer_net.ipynb
[I 16:42:51.062 NotebookApp] Saving file at /two_layer_net.ipynb
[I 16:44:51.062 NotebookApp] Saving file at /two_layer_net.ipynb
[I 16:46:51.065 NotebookApp] Saving file at /two_layer_net.ipynb
[I 16:52:51.098 NotebookApp] Saving file at /two_layer_net.ipynb
[I 16:54:51.085 NotebookApp] Saving file at /two_layer_net.ipynb
[I 16:56:51.084 NotebookApp] Saving file at /two_layer_net.ipynb
[I 16:58:51.086 NotebookApp] Saving file at /two_layer_net.ipynb
[I 16:59:31.669 NotebookApp] Saving file at /cs231n/classifiers/neural_net.py
[I 17:00:51.084 NotebookApp] Saving file at /two_layer_net.ipynb
[I 17:02:51.081 NotebookApp] Saving file at /two_layer_net.ipynb
[I 17:04:51.091 NotebookApp] Saving file at /two_layer_net.ipynb
[I 17:10:51.089 NotebookApp] Saving file at /two_layer_net.ipynb
[I 17:12:51.080 NotebookApp] Saving file at /two_layer_net.ipynb
[I 17:18:51.083 NotebookApp] Saving file at /two_layer_net.ipynb
[I 17:20:51.076 NotebookApp] Saving file at /two_layer_net.ipynb
[I 17:22:51.073 NotebookApp] Saving file at /two_layer_net.ipynb
[I 17:28:51.083 NotebookApp] Saving file at /two_layer_net.ipynb
[I 17:30:51.071 NotebookApp] Saving file at /two_layer_net.ipynb
[I 17:30:54.797 NotebookApp] Starting buffering for fcad4798-3c0b-4ba7-af94-a042b38f6734:8b2b04a8fc6a45769bfc887212e109cd
[I 17:30:55.109 NotebookApp] Kernel restarted: fcad4798-3c0b-4ba7-af94-a042b38f6734
[I 17:30:55.440 NotebookApp] Adapting to protocol v5.1 for kernel fcad4798-3c0b-4ba7-af94-a042b38f6734
[I 17:30:55.440 NotebookApp] Restoring connection for fcad4798-3c0b-4ba7-af94-a042b38f6734:8b2b04a8fc6a45769bfc887212e109cd
[I 17:30:55.440 NotebookApp] Replaying 3 buffered messages
[I 17:32:51.055 NotebookApp] Saving file at /two_layer_net.ipynb
[I 17:38:51.078 NotebookApp] Saving file at /two_layer_net.ipynb
[W 17:48:27.653 NotebookApp] Notebook features.ipynb is not trusted
[I 17:48:28.121 NotebookApp] Kernel started: 07f19d01-745c-4dc0-bf1a-2bd0d0bfee10
[I 17:48:28.441 NotebookApp] Adapting to protocol v5.1 for kernel 07f19d01-745c-4dc0-bf1a-2bd0d0bfee10
[I 17:49:17.676 NotebookApp] Kernel started: 12f39df8-2b3e-453d-a893-ded6dd70086a
[I 17:49:17.941 NotebookApp] Adapting to protocol v5.1 for kernel 12f39df8-2b3e-453d-a893-ded6dd70086a
[I 17:49:29.156 NotebookApp] Starting buffering for 12f39df8-2b3e-453d-a893-ded6dd70086a:7b25ba0b095945ba9f8c9d80122d1057
[I 17:50:28.136 NotebookApp] Saving file at /features.ipynb
[I 17:52:28.140 NotebookApp] Saving file at /features.ipynb
[I 17:54:28.140 NotebookApp] Saving file at /features.ipynb
[I 17:56:28.144 NotebookApp] Saving file at /features.ipynb
[I 17:58:28.139 NotebookApp] Saving file at /features.ipynb
[I 18:00:28.137 NotebookApp] Saving file at /features.ipynb
[I 18:02:28.146 NotebookApp] Saving file at /features.ipynb
[I 18:04:28.147 NotebookApp] Saving file at /features.ipynb
[I 18:08:28.149 NotebookApp] Saving file at /features.ipynb
[W 18:10:55.441 NotebookApp] WebSocket ping timeout after 119941 ms.
[W 18:10:58.444 NotebookApp] WebSocket ping timeout after 119996 ms.
[I 18:11:00.444 NotebookApp] Starting buffering for fcad4798-3c0b-4ba7-af94-a042b38f6734:8b2b04a8fc6a45769bfc887212e109cd
[I 18:11:03.446 NotebookApp] Starting buffering for 07f19d01-745c-4dc0-bf1a-2bd0d0bfee10:871db025c7ee459d94f69bdc364baf85
[I 09:07:52.071 NotebookApp] Adapting to protocol v5.1 for kernel fcad4798-3c0b-4ba7-af94-a042b38f6734
[I 09:07:52.072 NotebookApp] Restoring connection for fcad4798-3c0b-4ba7-af94-a042b38f6734:8b2b04a8fc6a45769bfc887212e109cd
[I 09:07:54.939 NotebookApp] Adapting to protocol v5.1 for kernel 07f19d01-745c-4dc0-bf1a-2bd0d0bfee10
[I 09:07:54.941 NotebookApp] Restoring connection for 07f19d01-745c-4dc0-bf1a-2bd0d0bfee10:871db025c7ee459d94f69bdc364baf85
[I 09:08:58.122 NotebookApp] Saving file at /features.ipynb
[I 09:15:28.757 NotebookApp] Starting buffering for 07f19d01-745c-4dc0-bf1a-2bd0d0bfee10:871db025c7ee459d94f69bdc364baf85
[I 09:15:29.784 NotebookApp] Adapting to protocol v5.1 for kernel 07f19d01-745c-4dc0-bf1a-2bd0d0bfee10
[I 09:17:29.746 NotebookApp] Saving file at /features.ipynb
[I 09:19:29.779 NotebookApp] Saving file at /features.ipynb
[I 09:23:29.774 NotebookApp] Saving file at /features.ipynb
[I 09:25:29.784 NotebookApp] Saving file at /features.ipynb
[I 09:27:29.785 NotebookApp] Saving file at /features.ipynb
[I 09:29:29.785 NotebookApp] Saving file at /features.ipynb
[I 09:31:29.788 NotebookApp] Saving file at /features.ipynb
[I 09:33:30.258 NotebookApp] Saving file at /features.ipynb
[I 09:35:29.806 NotebookApp] Saving file at /features.ipynb
[I 09:37:31.602 NotebookApp] Saving file at /features.ipynb
[I 09:39:30.953 NotebookApp] Saving file at /features.ipynb
[W 09:44:29.785 NotebookApp] WebSocket ping timeout after 119888 ms.
[I 09:44:34.787 NotebookApp] Starting buffering for 07f19d01-745c-4dc0-bf1a-2bd0d0bfee10:257e53c711d64b629a3b832ac8692def
[W 09:44:52.074 NotebookApp] WebSocket ping timeout after 119957 ms.
[I 09:44:57.075 NotebookApp] Starting buffering for fcad4798-3c0b-4ba7-af94-a042b38f6734:8b2b04a8fc6a45769bfc887212e109cd
[I 09:55:39.420 NotebookApp] Adapting to protocol v5.1 for kernel 07f19d01-745c-4dc0-bf1a-2bd0d0bfee10
[I 09:55:39.421 NotebookApp] Restoring connection for 07f19d01-745c-4dc0-bf1a-2bd0d0bfee10:257e53c711d64b629a3b832ac8692def
[I 09:56:02.253 NotebookApp] Adapting to protocol v5.1 for kernel fcad4798-3c0b-4ba7-af94-a042b38f6734
[I 09:56:02.253 NotebookApp] Restoring connection for fcad4798-3c0b-4ba7-af94-a042b38f6734:8b2b04a8fc6a45769bfc887212e109cd
[I 09:57:53.166 NotebookApp] Saving file at /features.ipynb
[I 09:59:53.181 NotebookApp] Saving file at /features.ipynb
[I 10:01:53.198 NotebookApp] Saving file at /features.ipynb
[I 10:03:53.205 NotebookApp] Saving file at /features.ipynb
[I 10:05:53.211 NotebookApp] Saving file at /features.ipynb
[I 10:07:53.227 NotebookApp] Saving file at /features.ipynb
[I 10:11:38.312 NotebookApp] Starting buffering for 07f19d01-745c-4dc0-bf1a-2bd0d0bfee10:257e53c711d64b629a3b832ac8692def
[I 10:11:38.620 NotebookApp] Kernel restarted: 07f19d01-745c-4dc0-bf1a-2bd0d0bfee10
[I 10:11:38.966 NotebookApp] Adapting to protocol v5.1 for kernel 07f19d01-745c-4dc0-bf1a-2bd0d0bfee10
[I 10:11:38.967 NotebookApp] Restoring connection for 07f19d01-745c-4dc0-bf1a-2bd0d0bfee10:257e53c711d64b629a3b832ac8692def
[I 10:11:38.967 NotebookApp] Replaying 6 buffered messages
[I 10:11:53.269 NotebookApp] Saving file at /features.ipynb
[I 10:14:44.779 NotebookApp] Starting buffering for 07f19d01-745c-4dc0-bf1a-2bd0d0bfee10:257e53c711d64b629a3b832ac8692def
[I 10:14:44.986 NotebookApp] Kernel restarted: 07f19d01-745c-4dc0-bf1a-2bd0d0bfee10
[I 10:14:45.278 NotebookApp] Adapting to protocol v5.1 for kernel 07f19d01-745c-4dc0-bf1a-2bd0d0bfee10
[I 10:14:45.279 NotebookApp] Restoring connection for 07f19d01-745c-4dc0-bf1a-2bd0d0bfee10:257e53c711d64b629a3b832ac8692def
[I 10:14:45.279 NotebookApp] Replaying 3 buffered messages
[I 10:15:11.689 NotebookApp] Saving file at /two_layer_net.ipynb
[I 10:15:13.681 NotebookApp] Saving file at /two_layer_net.ipynb
[I 10:15:15.397 NotebookApp] Saving file at /two_layer_net.ipynb
[I 10:15:17.422 NotebookApp] Starting buffering for fcad4798-3c0b-4ba7-af94-a042b38f6734:8b2b04a8fc6a45769bfc887212e109cd
[I 10:16:02.889 NotebookApp] Saving file at /features.ipynb
[I 10:20:03.459 NotebookApp] Saving file at /features.ipynb
[I 10:25:45.279 NotebookApp] Starting buffering for 07f19d01-745c-4dc0-bf1a-2bd0d0bfee10:257e53c711d64b629a3b832ac8692def
